1505144086096	geckodriver	INFO	geckodriver 0.18.0
1505144086129	geckodriver	INFO	Listening on 127.0.0.1:55683
1505144087656	geckodriver::marionette	INFO	Starting browser /usr/bin/firefox with args ["-marionette"]

(firefox:1548): GLib-GObject-CRITICAL **: g_object_ref: assertion 'object->ref_count > 0' failed

(firefox:1548): GLib-GObject-CRITICAL **: g_object_unref: assertion 'object->ref_count > 0' failed

(firefox:1548): GLib-GObject-CRITICAL **: g_object_ref: assertion 'object->ref_count > 0' failed

(firefox:1548): GLib-GObject-CRITICAL **: g_object_unref: assertion 'object->ref_count > 0' failed
1505144098562	Marionette	INFO	Listening on port 41017
1505144098831	Marionette	WARN	TLS certificate errors will be ignored for this session
1505144184405	geckodriver	INFO	geckodriver 0.18.0
1505144184429	geckodriver	INFO	Listening on 127.0.0.1:47913
1505144185997	geckodriver::marionette	INFO	Starting browser /usr/bin/firefox with args ["-marionette"]

(firefox:1666): GLib-GObject-CRITICAL **: g_object_ref: assertion 'object->ref_count > 0' failed

(firefox:1666): GLib-GObject-CRITICAL **: g_object_unref: assertion 'object->ref_count > 0' failed

(firefox:1666): GLib-GObject-CRITICAL **: g_object_ref: assertion 'object->ref_count > 0' failed

(firefox:1666): GLib-GObject-CRITICAL **: g_object_unref: assertion 'object->ref_count > 0' failed
1505144195090	Marionette	INFO	Listening on port 35289
1505144195582	Marionette	WARN	TLS certificate errors will be ignored for this session
*************************
A coding exception was thrown and uncaught in a Task.

Full message: TypeError: NetworkError when attempting to fetch resource.
Full stack: 
*************************
*************************
A coding exception was thrown and uncaught in a Task.

Full message: TypeError: NetworkError when attempting to fetch resource.
Full stack: 
*************************
1505150319696	geckodriver	INFO	geckodriver 0.18.0
1505150319730	geckodriver	INFO	Listening on 127.0.0.1:47637
1505150321278	geckodriver::marionette	INFO	Starting browser /usr/bin/firefox with args ["-marionette"]

(firefox:1557): GLib-GObject-CRITICAL **: g_object_ref: assertion 'object->ref_count > 0' failed

(firefox:1557): GLib-GObject-CRITICAL **: g_object_unref: assertion 'object->ref_count > 0' failed

(firefox:1557): GLib-GObject-CRITICAL **: g_object_ref: assertion 'object->ref_count > 0' failed

(firefox:1557): GLib-GObject-CRITICAL **: g_object_unref: assertion 'object->ref_count > 0' failed
1505150333241	Marionette	INFO	Listening on port 43655
1505150333457	Marionette	WARN	TLS certificate errors will be ignored for this session
1505150624723	geckodriver	INFO	geckodriver 0.18.0
1505150624746	geckodriver	INFO	Listening on 127.0.0.1:46127
1505150626224	geckodriver::marionette	INFO	Starting browser /usr/bin/firefox with args ["-marionette"]

(firefox:1693): GLib-GObject-CRITICAL **: g_object_ref: assertion 'object->ref_count > 0' failed

(firefox:1693): GLib-GObject-CRITICAL **: g_object_unref: assertion 'object->ref_count > 0' failed

(firefox:1693): GLib-GObject-CRITICAL **: g_object_ref: assertion 'object->ref_count > 0' failed

(firefox:1693): GLib-GObject-CRITICAL **: g_object_unref: assertion 'object->ref_count > 0' failed
1505150634572	Marionette	INFO	Listening on port 38441
1505150634840	Marionette	WARN	TLS certificate errors will be ignored for this session
*************************
A coding exception was thrown and uncaught in a Task.

Full message: TypeError: NetworkError when attempting to fetch resource.
Full stack: 
*************************
